TN:
SF:src/config/plugins/envs.plugin.ts
FNF:0
FNH:0
DA:1,1
DA:2,1
DA:3,1
DA:4,1
DA:5,1
DA:6,1
DA:7,1
DA:8,1
DA:9,1
DA:10,1
DA:11,1
DA:12,1
DA:13,1
DA:14,1
DA:15,1
DA:16,1
DA:17,1
LF:17
LH:17
BRF:0
BRH:0
end_of_record
TN:
SF:src/data/mongo/index.ts
FNF:0
FNH:0
DA:1,1
DA:2,1
DA:3,1
DA:4,1
DA:5,1
LF:5
LH:5
BRF:0
BRH:0
end_of_record
TN:
SF:src/data/mongo/init.ts
FN:10,connect
FNF:1
FNH:1
FNDA:2,connect
DA:1,1
DA:2,1
DA:3,1
DA:4,1
DA:5,1
DA:6,1
DA:7,1
DA:8,1
DA:9,1
DA:10,1
DA:11,2
DA:12,2
DA:13,2
DA:14,2
DA:15,2
DA:16,2
DA:17,2
DA:18,2
DA:19,2
DA:20,2
DA:21,2
DA:22,0
DA:23,0
DA:24,0
DA:25,0
DA:26,2
DA:27,2
DA:28,1
LF:28
LH:24
BRDA:10,0,0,2
BRDA:21,1,0,0
BRF:2
BRH:1
end_of_record
TN:
SF:src/data/mongo/models/log.model.ts
FNF:0
FNH:0
DA:1,1
DA:2,1
DA:3,1
DA:4,1
DA:5,1
DA:6,1
DA:7,1
DA:8,1
DA:9,1
DA:10,1
DA:11,1
DA:12,1
DA:13,1
DA:14,1
DA:15,1
DA:16,1
DA:17,1
DA:18,1
DA:19,1
DA:20,1
DA:21,1
DA:22,1
LF:22
LH:22
BRF:0
BRH:0
end_of_record
TN:
SF:src/domain/entities/log.entity.ts
FN:16,<instance_members_initializer>
FN:21,LogEntity
FN:31,<static_initializer>
FN:31,fromJson
FN:45,fromObject
FNF:5
FNH:5
FNDA:18,<instance_members_initializer>
FNDA:18,LogEntity
FNDA:3,<static_initializer>
FNDA:8,fromJson
FNDA:2,fromObject
DA:1,1
DA:2,3
DA:3,3
DA:4,3
DA:5,3
DA:6,3
DA:7,1
DA:8,1
DA:9,1
DA:10,1
DA:11,1
DA:12,1
DA:13,1
DA:14,1
DA:15,1
DA:16,1
DA:17,18
DA:18,18
DA:19,1
DA:20,1
DA:21,1
DA:22,18
DA:23,18
DA:24,18
DA:25,18
DA:26,18
DA:27,18
DA:28,18
DA:29,1
DA:30,1
DA:31,1
DA:32,8
DA:33,8
DA:34,8
DA:35,8
DA:36,8
DA:37,8
DA:38,8
DA:39,8
DA:40,8
DA:41,8
DA:42,8
DA:43,8
DA:44,3
DA:45,3
DA:46,2
DA:47,2
DA:48,2
DA:49,2
DA:50,2
DA:51,2
DA:52,2
DA:53,1
LF:53
LH:53
BRDA:2,0,0,3
BRDA:16,1,0,18
BRDA:21,2,0,18
BRDA:31,3,0,3
BRDA:31,4,0,8
BRDA:32,5,0,3
BRDA:32,6,0,5
BRDA:45,7,0,2
BRF:8
BRH:8
end_of_record
TN:
SF:src/domain/use-cases/checks/check-service-multiple.ts
FN:15,<instance_members_initializer>
FN:14,CheckServiceMultiple
FN:19,callLogs
FN:24,execute
FNF:4
FNH:4
FNDA:1,<instance_members_initializer>
FNDA:1,CheckServiceMultiple
FNDA:2,callLogs
FNDA:2,execute
DA:1,1
DA:2,1
DA:3,1
DA:4,1
DA:5,1
DA:6,1
DA:7,1
DA:8,1
DA:9,1
DA:10,1
DA:11,1
DA:12,1
DA:13,1
DA:14,1
DA:15,1
DA:16,1
DA:17,1
DA:18,1
DA:19,1
DA:20,2
DA:21,6
DA:22,2
DA:23,2
DA:24,1
DA:25,2
DA:26,2
DA:27,2
DA:28,2
DA:29,0
DA:30,0
DA:31,1
DA:32,1
DA:33,1
DA:34,1
DA:35,1
DA:36,1
DA:37,1
DA:38,2
DA:39,2
DA:40,2
DA:41,2
DA:42,2
DA:43,2
DA:44,1
DA:45,1
DA:46,1
DA:47,1
DA:48,1
DA:49,1
DA:50,1
DA:51,1
DA:52,1
DA:53,1
DA:54,1
DA:55,2
DA:56,2
DA:57,1
LF:57
LH:55
BRDA:15,0,0,1
BRDA:14,1,0,1
BRDA:19,2,0,2
BRDA:20,3,0,6
BRDA:24,4,0,2
BRDA:28,5,0,1
BRDA:28,6,0,0
BRDA:31,7,0,1
BRDA:43,8,0,1
BRF:9
BRH:8
end_of_record
TN:
SF:src/domain/use-cases/checks/check-service.ts
FN:15,<instance_members_initializer>
FN:14,CheckService
FN:20,execute
FNF:3
FNH:3
FNDA:1,<instance_members_initializer>
FNDA:1,CheckService
FNDA:2,execute
DA:1,1
DA:2,1
DA:3,1
DA:4,1
DA:5,1
DA:6,1
DA:7,1
DA:8,1
DA:9,1
DA:10,1
DA:11,1
DA:12,1
DA:13,1
DA:14,1
DA:15,1
DA:16,1
DA:17,1
DA:18,1
DA:19,1
DA:20,1
DA:21,2
DA:22,2
DA:23,2
DA:24,2
DA:25,0
DA:26,0
DA:27,1
DA:28,1
DA:29,1
DA:30,1
DA:31,1
DA:32,1
DA:33,1
DA:34,2
DA:35,2
DA:36,2
DA:37,2
DA:38,2
DA:39,2
DA:40,1
DA:41,1
DA:42,1
DA:43,1
DA:44,1
DA:45,1
DA:46,1
DA:47,1
DA:48,1
DA:49,1
DA:50,1
DA:51,2
DA:52,2
DA:53,1
LF:53
LH:51
BRDA:15,0,0,1
BRDA:14,1,0,1
BRDA:20,2,0,2
BRDA:24,3,0,1
BRDA:24,4,0,0
BRDA:27,5,0,1
BRDA:39,6,0,1
BRF:7
BRH:6
end_of_record
TN:
SF:src/domain/use-cases/email/send-email-logs.ts
FN:14,<instance_members_initializer>
FN:13,SendEmailLogs
FN:18,execute
FNF:3
FNH:3
FNDA:2,<instance_members_initializer>
FNDA:2,SendEmailLogs
FNDA:2,execute
DA:1,1
DA:2,1
DA:3,1
DA:4,1
DA:5,1
DA:6,1
DA:7,1
DA:8,1
DA:9,1
DA:10,1
DA:11,1
DA:12,1
DA:13,1
DA:14,2
DA:15,2
DA:16,2
DA:17,1
DA:18,1
DA:19,2
DA:20,2
DA:21,2
DA:22,1
DA:23,1
DA:24,1
DA:25,1
DA:26,1
DA:27,1
DA:28,1
DA:29,1
DA:30,1
DA:31,1
DA:32,1
DA:33,1
DA:34,1
DA:35,1
DA:36,1
DA:37,1
DA:38,1
DA:39,1
DA:40,1
DA:41,1
DA:42,2
DA:43,2
DA:44,2
DA:45,1
LF:45
LH:45
BRDA:14,0,0,2
BRDA:13,1,0,2
BRDA:18,2,0,2
BRDA:21,3,0,1
BRF:4
BRH:4
end_of_record
TN:
SF:src/infrastruture/datasources/file-system.datasources.ts
FN:12,<instance_members_initializer>
FN:17,FileSystemDataSource
FN:21,createLogsFile
FN:39,saveLog
FN:56,getLogsFromFile
FN:67,getLogs
FNF:6
FNH:6
FNDA:8,<instance_members_initializer>
FNDA:8,FileSystemDataSource
FNDA:8,createLogsFile
FNDA:6,saveLog
FNDA:3,getLogsFromFile
FNDA:4,getLogs
DA:1,1
DA:2,1
DA:3,1
DA:4,1
DA:5,1
DA:6,1
DA:7,1
DA:8,1
DA:9,1
DA:10,1
DA:11,1
DA:12,1
DA:13,8
DA:14,8
DA:15,8
DA:16,8
DA:17,8
DA:18,8
DA:19,8
DA:20,8
DA:21,8
DA:22,8
DA:23,7
DA:24,7
DA:25,8
DA:26,8
DA:27,8
DA:28,8
DA:29,8
DA:30,8
DA:31,24
DA:32,21
DA:33,21
DA:34,21
DA:35,8
DA:36,8
DA:37,8
DA:38,8
DA:39,8
DA:40,6
DA:41,6
DA:42,6
DA:43,6
DA:44,6
DA:45,6
DA:46,4
DA:47,6
DA:48,2
DA:49,2
DA:50,2
DA:51,2
DA:52,2
DA:53,2
DA:54,6
DA:55,8
DA:56,8
DA:57,3
DA:58,3
DA:59,3
DA:60,3
DA:61,3
DA:62,3
DA:63,3
DA:64,3
DA:65,3
DA:66,1
DA:67,1
DA:68,4
DA:69,4
DA:70,4
DA:71,1
DA:72,4
DA:73,1
DA:74,4
DA:75,1
DA:76,4
DA:77,1
DA:78,4
DA:79,4
DA:80,1
DA:81,1
LF:81
LH:81
BRDA:12,0,0,8
BRDA:17,1,0,8
BRDA:21,2,0,8
BRDA:22,3,0,7
BRDA:30,4,0,24
BRDA:31,5,0,3
BRDA:32,6,0,21
BRDA:39,7,0,6
BRDA:45,8,0,2
BRDA:46,9,0,4
BRDA:47,10,0,2
BRDA:56,11,0,3
BRDA:58,12,0,0
BRDA:67,13,0,4
BRDA:70,14,0,1
BRDA:72,15,0,1
BRDA:74,16,0,1
BRDA:76,17,0,1
BRF:18
BRH:17
end_of_record
TN:
SF:src/infrastruture/datasources/mongo-log.datasource.ts
FN:9,saveLog
FN:14,getLogs
FNF:2
FNH:2
FNDA:2,saveLog
FNDA:1,getLogs
DA:1,1
DA:2,1
DA:3,1
DA:4,1
DA:5,1
DA:6,1
DA:7,1
DA:8,1
DA:9,1
DA:10,2
DA:11,2
DA:12,2
DA:13,2
DA:14,1
DA:15,1
DA:16,1
DA:17,1
DA:18,1
DA:19,1
DA:20,1
LF:20
LH:20
BRDA:9,0,0,2
BRDA:14,1,0,1
BRF:2
BRH:2
end_of_record
TN:
SF:src/infrastruture/repositories/log.repository.impl.ts
FN:11,<instance_members_initializer>
FN:10,LogRepositoryImpl
FN:14,saveLog
FN:17,getLogs
FNF:4
FNH:4
FNDA:1,<instance_members_initializer>
FNDA:1,LogRepositoryImpl
FNDA:1,saveLog
FNDA:1,getLogs
DA:1,1
DA:2,1
DA:3,1
DA:4,1
DA:5,1
DA:6,1
DA:7,1
DA:8,1
DA:9,1
DA:10,1
DA:11,1
DA:12,1
DA:13,1
DA:14,1
DA:15,1
DA:16,1
DA:17,1
DA:18,1
DA:19,1
DA:20,1
DA:21,1
DA:22,1
LF:22
LH:22
BRDA:11,0,0,1
BRDA:10,1,0,1
BRDA:14,2,0,1
BRDA:17,3,0,1
BRF:4
BRH:4
end_of_record
TN:
SF:src/presentation/cron/cron-service.ts
FN:8,createJob
FNF:1
FNH:1
FNDA:1,createJob
DA:1,1
DA:2,1
DA:3,1
DA:4,1
DA:5,1
DA:6,1
DA:7,1
DA:8,1
DA:9,1
DA:10,1
DA:11,1
DA:12,1
DA:13,1
DA:14,1
DA:15,1
LF:15
LH:15
BRDA:8,0,0,1
BRF:1
BRH:1
end_of_record
TN:
SF:src/presentation/email/email.service.ts
FN:21,<instance_members_initializer>
FN:31,EmailService
FN:33,sendEmail
FN:53,sendEmailWithFilesSystemLogs
FNF:4
FNH:4
FNDA:1,<instance_members_initializer>
FNDA:1,EmailService
FNDA:2,sendEmail
FNDA:1,sendEmailWithFilesSystemLogs
DA:1,1
DA:2,1
DA:3,1
DA:4,1
DA:5,1
DA:6,1
DA:7,1
DA:8,1
DA:9,1
DA:10,1
DA:11,1
DA:12,1
DA:13,1
DA:14,1
DA:15,1
DA:16,1
DA:17,1
DA:18,1
DA:19,1
DA:20,1
DA:21,1
DA:22,1
DA:23,1
DA:24,1
DA:25,1
DA:26,1
DA:27,1
DA:28,1
DA:29,1
DA:30,1
DA:31,1
DA:32,1
DA:33,1
DA:34,2
DA:35,2
DA:36,2
DA:37,2
DA:38,2
DA:39,2
DA:40,2
DA:41,2
DA:42,2
DA:43,2
DA:44,2
DA:45,2
DA:46,2
DA:47,2
DA:48,2
DA:49,0
DA:50,0
DA:51,2
DA:52,1
DA:53,1
DA:54,1
DA:55,1
DA:56,1
DA:57,1
DA:58,1
DA:59,1
DA:60,1
DA:61,1
DA:62,1
DA:63,1
DA:64,1
DA:65,1
DA:66,1
DA:67,1
DA:68,1
DA:69,1
DA:70,1
DA:71,1
DA:72,1
LF:72
LH:70
BRDA:21,0,0,1
BRDA:31,1,0,1
BRDA:33,2,0,2
BRDA:48,3,0,0
BRDA:53,4,0,1
BRF:5
BRH:4
end_of_record
